<?xml version="1.0" encoding="UTF-8"?>
<testng-results skipped="0" failed="0" ignored="0" total="10" passed="10">
  <reporter-output>
  </reporter-output>
  <suite name="Converted JUnit suite" duration-ms="11984" started-at="2020-02-21T11:31:39Z" finished-at="2020-02-21T11:31:51Z">
    <groups>
    </groups>
    <test name="JUnitTests" duration-ms="11984" started-at="2020-02-21T11:31:39Z" finished-at="2020-02-21T11:31:51Z">
      <class name="com.springBoot.application.Update_Profile">
        <test-method status="PASS" signature="testUpdatePost()" name="testUpdatePost" duration-ms="293" started-at="2020-02-21T11:31:50Z" finished-at="2020-02-21T11:31:50Z">
          <reporter-output>
          </reporter-output>
        </test-method> <!-- testUpdatePost -->
        <test-method status="PASS" signature="contextLoads()" name="contextLoads" duration-ms="302" started-at="2020-02-21T11:31:50Z" finished-at="2020-02-21T11:31:50Z">
          <reporter-output>
          </reporter-output>
        </test-method> <!-- contextLoads -->
      </class> <!-- com.springBoot.application.Update_Profile -->
      <class name="com.springBoot.application.Delete_employee">
        <test-method status="PASS" signature="contextLoads()" name="contextLoads" duration-ms="63" started-at="2020-02-21T11:31:50Z" finished-at="2020-02-21T11:31:50Z">
          <reporter-output>
          </reporter-output>
        </test-method> <!-- contextLoads -->
        <test-method status="PASS" signature="testDeletePost()" name="testDeletePost" duration-ms="51" started-at="2020-02-21T11:31:50Z" finished-at="2020-02-21T11:31:50Z">
          <reporter-output>
          </reporter-output>
        </test-method> <!-- testDeletePost -->
      </class> <!-- com.springBoot.application.Delete_employee -->
      <class name="com.springBoot.application.CreateEmploye">
        <test-method status="PASS" signature="testCreateEmployee()" name="testCreateEmployee" duration-ms="213" started-at="2020-02-21T11:31:50Z" finished-at="2020-02-21T11:31:51Z">
          <reporter-output>
          </reporter-output>
        </test-method> <!-- testCreateEmployee -->
        <test-method status="PASS" signature="contextLoads()" name="contextLoads" duration-ms="218" started-at="2020-02-21T11:31:50Z" finished-at="2020-02-21T11:31:51Z">
          <reporter-output>
          </reporter-output>
        </test-method> <!-- contextLoads -->
      </class> <!-- com.springBoot.application.CreateEmploye -->
      <class name="com.springBoot.application.Get_EmployeeByID">
        <test-method status="PASS" signature="contextLoads()" name="contextLoads" duration-ms="13" started-at="2020-02-21T11:31:50Z" finished-at="2020-02-21T11:31:50Z">
          <reporter-output>
          </reporter-output>
        </test-method> <!-- contextLoads -->
        <test-method status="PASS" signature="testGetUserById()" name="testGetUserById" duration-ms="42" started-at="2020-02-21T11:31:50Z" finished-at="2020-02-21T11:31:50Z">
          <reporter-output>
          </reporter-output>
        </test-method> <!-- testGetUserById -->
      </class> <!-- com.springBoot.application.Get_EmployeeByID -->
      <class name="com.springBoot.application.Get_EmploeeAll">
        <test-method status="PASS" signature="contextLoads()" name="contextLoads" duration-ms="10130" started-at="2020-02-21T11:31:39Z" finished-at="2020-02-21T11:31:49Z">
          <reporter-output>
          </reporter-output>
        </test-method> <!-- contextLoads -->
        <test-method status="PASS" signature="testGetAllEmploee()" name="testGetAllEmploee" duration-ms="10808" started-at="2020-02-21T11:31:39Z" finished-at="2020-02-21T11:31:50Z">
          <reporter-output>
          </reporter-output>
        </test-method> <!-- testGetAllEmploee -->
      </class> <!-- com.springBoot.application.Get_EmploeeAll -->
    </test> <!-- JUnitTests -->
  </suite> <!-- Converted JUnit suite -->
</testng-results>
