<?xml version="1.0" encoding="UTF-8"?>
<testng-results skipped="0" failed="0" ignored="0" total="10" passed="10">
  <reporter-output>
  </reporter-output>
  <suite name="Converted JUnit suite" duration-ms="13478" started-at="2020-02-21T11:02:10Z" finished-at="2020-02-21T11:02:23Z">
    <groups>
    </groups>
    <test name="JUnitTests" duration-ms="13478" started-at="2020-02-21T11:02:10Z" finished-at="2020-02-21T11:02:23Z">
      <class name="com.springBoot.application.Update_Profile">
        <test-method status="PASS" signature="testUpdatePost()" name="testUpdatePost" duration-ms="372" started-at="2020-02-21T11:02:22Z" finished-at="2020-02-21T11:02:22Z">
          <reporter-output>
          </reporter-output>
        </test-method> <!-- testUpdatePost -->
        <test-method status="PASS" signature="contextLoads()" name="contextLoads" duration-ms="384" started-at="2020-02-21T11:02:22Z" finished-at="2020-02-21T11:02:22Z">
          <reporter-output>
          </reporter-output>
        </test-method> <!-- contextLoads -->
      </class> <!-- com.springBoot.application.Update_Profile -->
      <class name="com.springBoot.application.Delete_employee">
        <test-method status="PASS" signature="testDeletePost()" name="testDeletePost" duration-ms="380" started-at="2020-02-21T11:02:22Z" finished-at="2020-02-21T11:02:23Z">
          <reporter-output>
          </reporter-output>
        </test-method> <!-- testDeletePost -->
        <test-method status="PASS" signature="contextLoads()" name="contextLoads" duration-ms="392" started-at="2020-02-21T11:02:22Z" finished-at="2020-02-21T11:02:23Z">
          <reporter-output>
          </reporter-output>
        </test-method> <!-- contextLoads -->
      </class> <!-- com.springBoot.application.Delete_employee -->
      <class name="com.springBoot.application.CreateEmploye">
        <test-method status="PASS" signature="contextLoads()" name="contextLoads" duration-ms="257" started-at="2020-02-21T11:02:23Z" finished-at="2020-02-21T11:02:23Z">
          <reporter-output>
          </reporter-output>
        </test-method> <!-- contextLoads -->
        <test-method status="PASS" signature="testCreateEmployee()" name="testCreateEmployee" duration-ms="243" started-at="2020-02-21T11:02:23Z" finished-at="2020-02-21T11:02:23Z">
          <reporter-output>
          </reporter-output>
        </test-method> <!-- testCreateEmployee -->
      </class> <!-- com.springBoot.application.CreateEmploye -->
      <class name="com.springBoot.application.Get_EmployeeByID">
        <test-method status="PASS" signature="contextLoads()" name="contextLoads" duration-ms="14" started-at="2020-02-21T11:02:22Z" finished-at="2020-02-21T11:02:22Z">
          <reporter-output>
          </reporter-output>
        </test-method> <!-- contextLoads -->
        <test-method status="PASS" signature="testGetUserById()" name="testGetUserById" duration-ms="49" started-at="2020-02-21T11:02:22Z" finished-at="2020-02-21T11:02:22Z">
          <reporter-output>
          </reporter-output>
        </test-method> <!-- testGetUserById -->
      </class> <!-- com.springBoot.application.Get_EmployeeByID -->
      <class name="com.springBoot.application.Get_EmploeeAll">
        <test-method status="PASS" signature="contextLoads()" name="contextLoads" duration-ms="10986" started-at="2020-02-21T11:02:10Z" finished-at="2020-02-21T11:02:21Z">
          <reporter-output>
          </reporter-output>
        </test-method> <!-- contextLoads -->
        <test-method status="PASS" signature="testGetAllEmploee()" name="testGetAllEmploee" duration-ms="11803" started-at="2020-02-21T11:02:10Z" finished-at="2020-02-21T11:02:22Z">
          <reporter-output>
          </reporter-output>
        </test-method> <!-- testGetAllEmploee -->
      </class> <!-- com.springBoot.application.Get_EmploeeAll -->
    </test> <!-- JUnitTests -->
  </suite> <!-- Converted JUnit suite -->
</testng-results>
